Removed Pin From Net: NetName=NetD4_1 Pin=D4-2
Remove Pin from Net: Failed to remove Pin
Remove Pin from Net: Failed to remove Pin
Removed Pin From Net: NetName=ENCODER_4A Pin=U13-2
Removed Pin From Net: NetName=ENCODER_4B Pin=U13-3
Removed Pin From Net: NetName=ENCODER_3A Pin=U13-4
Removed Pin From Net: NetName=ENCODER_3B Pin=U13-5
Removed Pin From Net: NetName=ENCODER_2A Pin=U13-6
Removed Pin From Net: NetName=ENCODER_2B Pin=U13-7
Removed Pin From Net: NetName=ENCODER_1A Pin=U13-8
Removed Pin From Net: NetName=ENCODER_1B Pin=U13-9
Change Designator: Invalid Designator
Change Designator: Invalid Designator
Change Designator: Invalid Designator
Change Designator: Invalid Designator
Added Pin To Net: NetName=VCC Pin=D4-2
Add Pin To Net: Unknown Pin: Pin P1-1
Add Pin To Net: Unknown Pin: Pin P1-2
Added Pin To Net: NetName=ENCODER_1B Pin=U13-2
Added Pin To Net: NetName=ENCODER_1A Pin=U13-3
Added Pin To Net: NetName=ENCODER_4A Pin=U13-4
Added Pin To Net: NetName=ENCODER_4B Pin=U13-5
Added Pin To Net: NetName=ENCODER_3B Pin=U13-6
Added Pin To Net: NetName=ENCODER_3A Pin=U13-7
Added Pin To Net: NetName=ENCODER_2B Pin=U13-8
Added Pin To Net: NetName=ENCODER_2A Pin=U13-9
Added Room: Name=BTS7960
Added Room: Name=Controller
Added Room: Name=MCU
Added Room: Name=Power
