Removed Pin From Net: NetName=NetD4_1 Pin=D4-2
Remove Pin from Net: Failed to remove Pin
Remove Pin from Net: Failed to remove Pin
Removed Pin From Net: NetName=3V3 Pin=P4-2
Removed Pin From Net: NetName=3V3 Pin=P7-2
Removed Pin From Net: NetName=3V3 Pin=P9-2
Removed Pin From Net: NetName=3V3 Pin=P11-2
Removed Pin From Net: NetName=NetJ1_1 Pin=U4-8
Removed Pin From Net: NetName=NetJ1_2 Pin=U5-8
Removed Pin From Net: NetName=NetJ2_1 Pin=U6-8
Removed Pin From Net: NetName=NetJ2_2 Pin=U7-8
Removed Pin From Net: NetName=NetJ3_2 Pin=U8-8
Removed Pin From Net: NetName=NetJ3_1 Pin=U9-8
Removed Pin From Net: NetName=NetJ4_2 Pin=U11-8
Removed Pin From Net: NetName=NetJ4_1 Pin=U12-8
Change Designator: Invalid Designator
Change Designator: Invalid Designator
Change Designator: Invalid Designator
Change Designator: Invalid Designator
Added Pin To Net: NetName=VCC Pin=D4-2
Add Pin To Net: Unknown Pin: Pin P1-1
Add Pin To Net: Unknown Pin: Pin P1-2
Added Pin To Net: NetName=5V Pin=P4-2
Added Pin To Net: NetName=5V Pin=P7-2
Added Pin To Net: NetName=5V Pin=P9-2
Added Pin To Net: NetName=5V Pin=P11-2
Added Room: Name=BTS7960
Added Room: Name=Controller
Added Room: Name=MCU
Added Room: Name=Power
