Removed Pin From Net: NetName=VCC Pin=D4-1
Removed Pin From Net: NetName=NetD4_1 Pin=D4-2
Removed Pin From Net: NetName=VCC Pin=F1-0
Remove Pin from Net: Failed to remove Pin
Remove Pin from Net: Failed to remove Pin
Change Component Designator: OldDesignator= NewDesignator=R66
Change Designator: Invalid Designator
Change Designator: Invalid Designator
Change Designator: Invalid Designator
Change Designator: Invalid Designator
Added Pin To Net: NetName=NetD4_1 Pin=D4-1
Added Pin To Net: NetName=VCC Pin=D4-2
Added Pin To Net: NetName=NetD4_1 Pin=F1-0
Add Pin To Net: Unknown Pin: Pin P1-1
Add Pin To Net: Unknown Pin: Pin P1-2
Added Pin To Net: NetName=NetR24_2 Pin=R63-1
Added Member To Class: ClassName=Controller Member=Component R64 0 Ohm, 1/4 W
Added Member To Class: ClassName=Controller Member=Component R66 0 Ohm, 1/4 W
Added Room: Name=BTS7960
Added Room: Name=Controller
Added Room: Name=MCU
Added Room: Name=Power
