Removed Pin From Net: NetName=VCC Pin=D4-1
Removed Pin From Net: NetName=NetD4_2 Pin=F1-0
Remove Pin from Net: Failed to remove Pin
Remove Pin from Net: Failed to remove Pin
Removed Pin From Net: NetName=TIM10 Pin=R23-2
Removed Pin From Net: NetName=TIM9_B Pin=U3-5
Removed Pin From Net: NetName=NetJ1_1 Pin=U4-8
Removed Pin From Net: NetName=NetJ1_2 Pin=U5-8
Removed Pin From Net: NetName=NetJ2_1 Pin=U6-8
Removed Pin From Net: NetName=NetJ2_2 Pin=U7-8
Removed Pin From Net: NetName=NetJ3_2 Pin=U8-8
Removed Pin From Net: NetName=NetJ3_1 Pin=U9-8
Removed Pin From Net: NetName=NetJ4_2 Pin=U11-8
Removed Pin From Net: NetName=NetJ4_1 Pin=U12-8
Change Designator: Invalid Designator
Change Designator: Invalid Designator
Change Designator: Invalid Designator
Change Designator: Invalid Designator
Add Pin To Net: Unknown Pin: Pin P1-1
Add Pin To Net: Unknown Pin: Pin P1-2
Added Pin To Net: NetName=ENCODER_1B Pin=P4-4
Added Pin To Net: NetName=NetR66_1 Pin=R73-1
Added Pin To Net: NetName=NetP5_2 Pin=U3-5
Change Net Name : Old Net Name=ENCODER_1B New Net Name=ENCODER_1A
Change Net Name : Old Net Name=NetU3_47 New Net Name=NetR59_2
Change Net Name : Old Net Name=NetU3_48 New Net Name=NetR58_1
Added Pin To Net: NetName=NetD4_1 Pin=D4-1
Added Pin To Net: NetName=NetD4_1 Pin=F1-0
Added Net: Name=NetD4_1
Added Pin To Net: NetName=NetR23_2 Pin=R23-2
Added Pin To Net: NetName=NetR23_2 Pin=R62-1
Added Pin To Net: NetName=NetR23_2 Pin=U3-95
Added Net: Name=NetR23_2
Added Pin To Net: NetName=NetR24_2 Pin=R24-2
Added Pin To Net: NetName=NetR24_2 Pin=U3-96
Added Net: Name=NetR24_2
Added Pin To Net: NetName=NetR25_2 Pin=R25-2
Added Pin To Net: NetName=NetR25_2 Pin=R71-1
Added Pin To Net: NetName=NetR25_2 Pin=U3-31
Added Net: Name=NetR25_2
Added Pin To Net: NetName=NetR26_2 Pin=R26-2
Added Pin To Net: NetName=NetR26_2 Pin=U3-32
Added Net: Name=NetR26_2
Added Pin To Net: NetName=NetR27_1 Pin=R27-1
Added Pin To Net: NetName=NetR27_1 Pin=U13-8
Added Net: Name=NetR27_1
Added Pin To Net: NetName=NetR64_1 Pin=R64-1
Added Pin To Net: NetName=NetR64_1 Pin=R74-2
Added Pin To Net: NetName=NetR64_1 Pin=U3-26
Added Net: Name=NetR64_1
Added Member To Class: ClassName=MCU Member=Component C34 1 uF, 16 VDC
Added Member To Class: ClassName=BTS7960 Member=Component R46 1 KOhm, 1/4 W
Added Room: Name=BTS7960
Added Room: Name=Controller
Added Room: Name=MCU
Added Room: Name=Power
