Change Component Footprint: Designator=SW1 Old Footprint=4301x60507x6 New Footprint=WS-TASV_L4.5W4.5H3.8_430181038816
Change Component Comment : Designator=SW1 Old Comment=430156050726 New Comment=430181038816
Change component parameters: Designator = "SW1" ("SW1"); Footprint = "4301x60507x6"; UniqueID = "\ZEOJHANF" ("\ZEOJHANF")
Change component parameters (AddParameter): Name = "Category"; Value = "Tact Switches"; VariantName = "[No Variations]"
Change component parameters (AddParameter): Name = "Circuit"; Value = "SPST-NO"; VariantName = "[No Variations]"
Change component parameters (AddParameter): Name = "ComponentLink2Description"; Value = "Datasheet Link"; VariantName = "[No Variations]"
Change component parameters (AddParameter): Name = "ComponentLink2URL"; Value = "https://www.we-online.com/redexpert/spec/430181038816?ad"; VariantName = "[No Variations]"
Change component parameters (AddParameter): Name = "Contact Material"; Value = "Stainless Steel"; VariantName = "[No Variations]"
Change component parameters (AddParameter): Name = "Height"; Value = "3.8mm"; VariantName = "[No Variations]"
Change component parameters (AddParameter): Name = "Length"; Value = "4.5mm"; VariantName = "[No Variations]"
Change component parameters (AddParameter): Name = "Manufacturer"; Value = "Wurth Elektronik"; VariantName = "[No Variations]"
Change component parameters (AddParameter): Name = "Manufacturer Part Number"; Value = "430181038816"; VariantName = "[No Variations]"
Change component parameters (AddParameter): Name = "Match Code"; Value = "WS-TASV"; VariantName = "[No Variations]"
Change component parameters (AddParameter): Name = "Mount"; Value = "Surface Mount"; VariantName = "[No Variations]"
Change component parameters (AddParameter): Name = "Operating Temperature Max"; Value = "85°C"; VariantName = "[No Variations]"
Change component parameters (AddParameter): Name = "Operating Temperature Min"; Value = "-40°C"; VariantName = "[No Variations]"
Change component parameters (AddParameter): Name = "Operation Force"; Value = "160g"; VariantName = "[No Variations]"
Change component parameters (AddParameter): Name = "Packaging"; Value = "Tape and Reel"; VariantName = "[No Variations]"
Change component parameters (AddParameter): Name = "Rated Current"; Value = "50mA"; VariantName = "[No Variations]"
Change component parameters (AddParameter): Name = "Rated Voltage"; Value = "12VDC"; VariantName = "[No Variations]"
Change component parameters (AddParameter): Name = "Supplier 1 Name"; Value = "Mouser"; VariantName = "[No Variations]"
Change component parameters (AddParameter): Name = "Supplier 1 SN"; Value = "710-430181038816"; VariantName = "[No Variations]"
Change component parameters (AddParameter): Name = "Supplier 1 URL"; Value = "https://www.mouser.vn/ProductDetail/Wurth-Elektronik/430181038816?qs=wr8lucFkNMWIANaPOquJXg%3D%3D"; VariantName = "[No Variations]"
Change component parameters (AddParameter): Name = "Supplier 2 Name"; Value = "Digi-Key"; VariantName = "[No Variations]"
Change component parameters (AddParameter): Name = "Supplier 2 SN"; Value = "732-7003-2-ND"; VariantName = "[No Variations]"
Change component parameters (AddParameter): Name = "Supplier 2 URL"; Value = "https://www.digikey.com/en/products/detail/w%C3%BCrth-elektronik/430181038816/5209016?s=N4IgTCBcDaICwGYAMBGAHCpC0YGwgF0BfIA"; VariantName = "[No Variations]"
Change component parameters (AddParameter): Name = "Supplier 3 Name"; Value = "Thegioiic"; VariantName = "[No Variations]"
Change component parameters (AddParameter): Name = "Supplier 3 SN"; Value = "N/A"; VariantName = "[No Variations]"
Change component parameters (AddParameter): Name = "Supplier 3 URL"; Value = "https://www.thegioiic.com/nut-nhan-4-5x4-5mm-cao-3-8mm-4-chan-smd"; VariantName = "[No Variations]"
Change component parameters (AddParameter): Name = "Terminal Material"; Value = "Copper Alloy"; VariantName = "[No Variations]"
Change component parameters (AddParameter): Name = "Terminal Plating"; Value = "Silver"; VariantName = "[No Variations]"
Change component parameters (AddParameter): Name = "Washable"; Value = "No"; VariantName = "[No Variations]"
Change component parameters (AddParameter): Name = "Width"; Value = "4.5mm"; VariantName = "[No Variations]"
Add Component: Footprint Not Found SS34
Added Component: Designator=U14(IS-QFN-24_V)
Add Pin To Net: Unknown Pin: Pin D1-1
Add Pin To Net: Unknown Pin: Pin D1-2
Add Pin To Net: Unknown Pin: Pin P1-1
Add Pin To Net: Unknown Pin: Pin P1-2
Add Pin To Net: Unknown Pin: Pin U14-1
Add Pin To Net: Unknown Pin: Pin U14-8
Add Pin To Net: Unknown Pin: Pin U14-9
Add Pin To Net: Unknown Pin: Pin U14-10
Add Pin To Net: Unknown Pin: Pin U14-12
Add Pin To Net: Unknown Pin: Pin U14-13
Add Pin To Net: Unknown Pin: Pin U14-18
Add Pin To Net: Unknown Pin: Pin U14-20
Add Pin To Net: Unknown Pin: Pin U14-24
Add Class Member: Failed to add class member : Component D1 D Schottky
Add Class Member: Failed to add class member : Component U14 MPU-6050
