Change Component Footprint: Designator=U10 Old Footprint=DW0020A_L New Footprint=DW0020A_L
Change Component Footprint: Designator=U13 Old Footprint=DW0020A_L New Footprint=DW0020A_L
Change Component Footprint: Designator=U6 Old Footprint=INF-P-TO-263-7-6_L New Footprint=INF-P-TO-263-7-6_L
Change Component Footprint: Designator=U7 Old Footprint=INF-P-TO-263-7-6_L New Footprint=INF-P-TO-263-7-6_L
Change Component Footprint: Designator=U8 Old Footprint=INF-P-TO-263-7-6_L New Footprint=INF-P-TO-263-7-6_L
Change Component Footprint: Designator=U9 Old Footprint=INF-P-TO-263-7-6_L New Footprint=INF-P-TO-263-7-6_L
Change Component Footprint: Designator=U11 Old Footprint=INF-P-TO-263-7-6_L New Footprint=INF-P-TO-263-7-6_L
Change Component Footprint: Designator=U12 Old Footprint=INF-P-TO-263-7-6_L New Footprint=INF-P-TO-263-7-6_L
Change Component Footprint: Designator=U5 Old Footprint=INF-P-TO-263-7-6_M New Footprint=INF-P-TO-263-7-6_M
Change Component Footprint: Designator=U4 Old Footprint=INF-P-TO-263-7-6_N New Footprint=INF-P-TO-263-7-6_N
Change Component Footprint: Designator=L1 Old Footprint=WE-PD_1280 New Footprint=WE-PD_1280
Add Component: Footprint Not Found SS34
Add Component: Footprint Not Found LED_0805_Blue
Add Component: Footprint Not Found LED_0805_Blue
Added Component: Designator=MPU_1(PCBComponent_1)
Add Component: Footprint Not Found WS-TASV_L6W6H3.5_4304x30358x6
Added Component: Designator=U3(STM-LQFP100_N)
Added Component: Designator=U14(IS-QFN-24_V)
Add Pin To Net: Unknown Pin: Pin D1-1
Add Pin To Net: Unknown Pin: Pin D1-2
Add Pin To Net: Unknown Pin: Pin D3-1
Add Pin To Net: Unknown Pin: Pin D3-2
Add Pin To Net: Unknown Pin: Pin D4-1
Add Pin To Net: Unknown Pin: Pin D4-2
Add Pin To Net: Unknown Pin: Pin P1-1
Add Pin To Net: Unknown Pin: Pin P1-2
Add Pin To Net: Unknown Pin: Pin SW1-A1
Add Pin To Net: Unknown Pin: Pin SW1-A2
Add Pin To Net: Unknown Pin: Pin SW1-B1
Add Pin To Net: Unknown Pin: Pin SW1-B2
Add Pin To Net: Unknown Pin: Pin U3-4
Add Pin To Net: Unknown Pin: Pin U3-5
Add Pin To Net: Unknown Pin: Pin U3-10
Add Pin To Net: Unknown Pin: Pin U3-11
Add Pin To Net: Unknown Pin: Pin U3-12
Add Pin To Net: Unknown Pin: Pin U3-13
Add Pin To Net: Unknown Pin: Pin U3-14
Add Pin To Net: Unknown Pin: Pin U3-19
Add Pin To Net: Unknown Pin: Pin U3-20
Add Pin To Net: Unknown Pin: Pin U3-21
Add Pin To Net: Unknown Pin: Pin U3-22
Add Pin To Net: Unknown Pin: Pin U3-23
Add Pin To Net: Unknown Pin: Pin U3-24
Add Pin To Net: Unknown Pin: Pin U3-25
Add Pin To Net: Unknown Pin: Pin U3-26
Add Pin To Net: Unknown Pin: Pin U3-27
Add Pin To Net: Unknown Pin: Pin U3-28
Add Pin To Net: Unknown Pin: Pin U3-30
Add Pin To Net: Unknown Pin: Pin U3-31
Add Pin To Net: Unknown Pin: Pin U3-32
Add Pin To Net: Unknown Pin: Pin U3-33
Add Pin To Net: Unknown Pin: Pin U3-40
Add Pin To Net: Unknown Pin: Pin U3-42
Add Pin To Net: Unknown Pin: Pin U3-47
Add Pin To Net: Unknown Pin: Pin U3-48
Add Pin To Net: Unknown Pin: Pin U3-49
Add Pin To Net: Unknown Pin: Pin U3-50
Add Pin To Net: Unknown Pin: Pin U3-53
Add Pin To Net: Unknown Pin: Pin U3-54
Add Pin To Net: Unknown Pin: Pin U3-55
Add Pin To Net: Unknown Pin: Pin U3-56
Add Pin To Net: Unknown Pin: Pin U3-59
Add Pin To Net: Unknown Pin: Pin U3-60
Add Pin To Net: Unknown Pin: Pin U3-61
Add Pin To Net: Unknown Pin: Pin U3-62
Add Pin To Net: Unknown Pin: Pin U3-63
Add Pin To Net: Unknown Pin: Pin U3-64
Add Pin To Net: Unknown Pin: Pin U3-65
Add Pin To Net: Unknown Pin: Pin U3-66
Add Pin To Net: Unknown Pin: Pin U3-67
Add Pin To Net: Unknown Pin: Pin U3-69
Add Pin To Net: Unknown Pin: Pin U3-72
Add Pin To Net: Unknown Pin: Pin U3-73
Add Pin To Net: Unknown Pin: Pin U3-74
Add Pin To Net: Unknown Pin: Pin U3-75
Add Pin To Net: Unknown Pin: Pin U3-76
Add Pin To Net: Unknown Pin: Pin U3-78
Add Pin To Net: Unknown Pin: Pin U3-79
Add Pin To Net: Unknown Pin: Pin U3-80
Add Pin To Net: Unknown Pin: Pin U3-81
Add Pin To Net: Unknown Pin: Pin U3-82
Add Pin To Net: Unknown Pin: Pin U3-89
Add Pin To Net: Unknown Pin: Pin U3-90
Add Pin To Net: Unknown Pin: Pin U3-91
Add Pin To Net: Unknown Pin: Pin U3-94
Add Pin To Net: Unknown Pin: Pin U3-95
Add Pin To Net: Unknown Pin: Pin U3-96
Add Pin To Net: Unknown Pin: Pin U3-99
Add Pin To Net: Unknown Pin: Pin U3-100
Add Pin To Net: Unknown Pin: Pin U14-1
Add Pin To Net: Unknown Pin: Pin U14-8
Add Pin To Net: Unknown Pin: Pin U14-9
Add Pin To Net: Unknown Pin: Pin U14-10
Add Pin To Net: Unknown Pin: Pin U14-11
Add Pin To Net: Unknown Pin: Pin U14-12
Add Pin To Net: Unknown Pin: Pin U14-13
Add Pin To Net: Unknown Pin: Pin U14-18
Add Pin To Net: Unknown Pin: Pin U14-20
Add Pin To Net: Unknown Pin: Pin U14-23
Add Pin To Net: Unknown Pin: Pin U14-24
Add Class Member: Failed to add class member : Component D1 D Schottky
Add Class Member: Failed to add class member : Component D3 LED SMD
Add Class Member: Failed to add class member : Component D4 LED SMD
Added Member To Class: ClassName=Controller Member=Component MPU_1 MPU-6050
Add Class Member: Failed to add class member : Component SW1 430483035816
Add Class Member: Failed to add class member : Component U3 STM32F407VET6
Add Class Member: Failed to add class member : Component U14 MPU-6050
